INFO: Scrapy 1.8.0 started (bot: Kickstarter_Creator)
INFO: Versions: lxml 4.4.2.0, libxml2 2.9.9, cssselect 1.1.0, parsel 1.5.2, w3lib 1.21.0, Twisted 19.10.0, Python 3.6.9 (default, Nov  7 2019, 10:44:02) - [GCC 8.3.0], pyOpenSSL 19.1.0 (OpenSSL 1.1.1d  10 Sep 2019), cryptography 2.8, Platform Linux-5.0.0-37-generic-x86_64-with-Ubuntu-18.04-bionic
INFO: Overridden settings: {'AUTOTHROTTLE_ENABLED': True, 'BOT_NAME': 'Kickstarter_Creator', 'DOWNLOAD_DELAY': 0.5, 'NEWSPIDER_MODULE': 'Kickstarter_Creator.spiders', 'SPIDER_MODULES': ['Kickstarter_Creator.spiders'], 'USER_AGENT': 'ScrapyKickstarter (https://www.kickstarter.com)'}
INFO: Telnet Password: 2be9ba0a5882b777
INFO: Enabled extensions:
['scrapy.extensions.corestats.CoreStats',
 'scrapy.extensions.telnet.TelnetConsole',
 'scrapy.extensions.memusage.MemoryUsage',
 'scrapy.extensions.logstats.LogStats',
 'scrapy.extensions.throttle.AutoThrottle']
INFO: Enabled downloader middlewares:
['scrapy.downloadermiddlewares.httpauth.HttpAuthMiddleware',
 'scrapy.downloadermiddlewares.downloadtimeout.DownloadTimeoutMiddleware',
 'scrapy.downloadermiddlewares.defaultheaders.DefaultHeadersMiddleware',
 'scrapy.downloadermiddlewares.useragent.UserAgentMiddleware',
 'scrapy.downloadermiddlewares.retry.RetryMiddleware',
 'scrapy.downloadermiddlewares.redirect.MetaRefreshMiddleware',
 'scrapy.downloadermiddlewares.httpcompression.HttpCompressionMiddleware',
 'scrapy.downloadermiddlewares.redirect.RedirectMiddleware',
 'scrapy.downloadermiddlewares.cookies.CookiesMiddleware',
 'scrapy.downloadermiddlewares.httpproxy.HttpProxyMiddleware',
 'scrapy.downloadermiddlewares.stats.DownloaderStats']
INFO: Enabled spider middlewares:
['scrapy.spidermiddlewares.httperror.HttpErrorMiddleware',
 'scrapy.spidermiddlewares.offsite.OffsiteMiddleware',
 'scrapy.spidermiddlewares.referer.RefererMiddleware',
 'scrapy.spidermiddlewares.urllength.UrlLengthMiddleware',
 'scrapy.spidermiddlewares.depth.DepthMiddleware']
INFO: Enabled item pipelines:
['Kickstarter_Creator.pipelines.KickstarterCreatorPipeline']
INFO: Spider opened
INFO: Crawled 0 pages (at 0 pages/min), scraped 0 items (at 0 items/min)
INFO: Telnet console listening on 127.0.0.1:6023
DEBUG: Crawled (200) <GET https://www.kickstarter.com/projects/cmon/trudvang-legends> (referer: None)
INFO: Parse function called on https://www.kickstarter.com/projects/cmon/trudvang-legends
INFO: {'Creator': 'CMON'}
DEBUG: Crawled (200) <GET https://api.kickstarter.com/v1/users/1134494596?signature=1577432679.90e0154fa1e08a5a358c335d618fcf24a5d05793> (referer: https://www.kickstarter.com/projects/cmon/trudvang-legends)
DEBUG: Crawled (200) <GET https://www.kickstarter.com/projects/cmon/night-of-the-living-dead-a-zombicide-game> (referer: None)
INFO: Parse function called on https://www.kickstarter.com/projects/cmon/night-of-the-living-dead-a-zombicide-game
INFO: DUPLICATE CREATOR
DEBUG: Crawled (200) <GET https://www.kickstarter.com/projects/omeysalvi/frame-of-reference> (referer: None)
INFO: Parse function called on https://www.kickstarter.com/projects/omeysalvi/frame-of-reference
INFO: {'Creator': 'Omey Salvi'}
DEBUG: Crawled (200) <GET https://api.kickstarter.com/v1/users/935491834?signature=1577432690.b142aa45a00c58acd5a4d7832339684224e7c258> (referer: https://www.kickstarter.com/projects/omeysalvi/frame-of-reference)
DEBUG: Crawled (200) <GET https://www.kickstarter.com/profile/cmon/created> (referer: https://api.kickstarter.com/v1/users/1134494596?signature=1577432679.90e0154fa1e08a5a358c335d618fcf24a5d05793)
INFO: Parse creator called on https://www.kickstarter.com/profile/cmon/created
ERROR: Spider error processing <GET https://www.kickstarter.com/profile/cmon/created> (referer: https://api.kickstarter.com/v1/users/1134494596?signature=1577432679.90e0154fa1e08a5a358c335d618fcf24a5d05793)
Traceback (most recent call last):
  File "/home/manlin/.local/lib/python3.6/site-packages/twisted/internet/defer.py", line 654, in _runCallbacks
    current.result = callback(current.result, *args, **kw)
  File "/home/manlin/PycharmProjects/Kickstarter_Creator/Kickstarter_Creator/spiders/kickstarter_creator.py", line 114, in parse_creator_link
    projectListText = response.selector.xpath(SCRIPT_CREATOR_XPATH).get().replace("\\\\&quot;", '\\"').replace("&quot;",
AttributeError: 'NoneType' object has no attribute 'replace'
DEBUG: Crawled (200) <GET https://www.kickstarter.com/profile/omeysalvi/created> (referer: https://api.kickstarter.com/v1/users/935491834?signature=1577432690.b142aa45a00c58acd5a4d7832339684224e7c258)
INFO: Parse creator called on https://www.kickstarter.com/profile/omeysalvi/created
ERROR: Spider error processing <GET https://www.kickstarter.com/profile/omeysalvi/created> (referer: https://api.kickstarter.com/v1/users/935491834?signature=1577432690.b142aa45a00c58acd5a4d7832339684224e7c258)
Traceback (most recent call last):
  File "/home/manlin/.local/lib/python3.6/site-packages/twisted/internet/defer.py", line 654, in _runCallbacks
    current.result = callback(current.result, *args, **kw)
  File "/home/manlin/PycharmProjects/Kickstarter_Creator/Kickstarter_Creator/spiders/kickstarter_creator.py", line 114, in parse_creator_link
    projectListText = response.selector.xpath(SCRIPT_CREATOR_XPATH).get().replace("\\\\&quot;", '\\"').replace("&quot;",
AttributeError: 'NoneType' object has no attribute 'replace'
INFO: Closing spider (finished)
INFO: Dumping Scrapy stats:
{'downloader/request_bytes': 3801,
 'downloader/request_count': 7,
 'downloader/request_method_count/GET': 7,
 'downloader/response_bytes': 441700,
 'downloader/response_count': 7,
 'downloader/response_status_count/200': 7,
 'elapsed_time_seconds': 15.008027,
 'finish_reason': 'finished',
 'finish_time': datetime.datetime(2019, 12, 26, 7, 44, 53, 603672),
 'log_count/DEBUG': 7,
 'log_count/ERROR': 2,
 'log_count/INFO': 18,
 'memusage/max': 1984417792,
 'memusage/startup': 1984417792,
 'request_depth_max': 2,
 'response_received_count': 7,
 'scheduler/dequeued': 7,
 'scheduler/dequeued/memory': 7,
 'scheduler/enqueued': 7,
 'scheduler/enqueued/memory': 7,
 'spider_exceptions/AttributeError': 2,
 'start_time': datetime.datetime(2019, 12, 26, 7, 44, 38, 595645)}
INFO: Spider closed (finished)
