INFO: Scrapy 1.8.0 started (bot: Kickstarter_Creator)
INFO: Versions: lxml 4.4.2.0, libxml2 2.9.9, cssselect 1.1.0, parsel 1.5.2, w3lib 1.21.0, Twisted 19.10.0, Python 3.6.9 (default, Nov  7 2019, 10:44:02) - [GCC 8.3.0], pyOpenSSL 19.1.0 (OpenSSL 1.1.1d  10 Sep 2019), cryptography 2.8, Platform Linux-5.0.0-37-generic-x86_64-with-Ubuntu-18.04-bionic
INFO: Overridden settings: {'AUTOTHROTTLE_ENABLED': True, 'BOT_NAME': 'Kickstarter_Creator', 'DOWNLOAD_DELAY': 0.5, 'NEWSPIDER_MODULE': 'Kickstarter_Creator.spiders', 'ROBOTSTXT_OBEY': True, 'SPIDER_MODULES': ['Kickstarter_Creator.spiders'], 'USER_AGENT': 'Tomorrow'}
INFO: Telnet Password: 6e96b92008205a7a
INFO: Enabled extensions:
['scrapy.extensions.corestats.CoreStats',
 'scrapy.extensions.telnet.TelnetConsole',
 'scrapy.extensions.memusage.MemoryUsage',
 'scrapy.extensions.logstats.LogStats',
 'scrapy.extensions.throttle.AutoThrottle']
INFO: Enabled downloader middlewares:
['scrapy.downloadermiddlewares.robotstxt.RobotsTxtMiddleware',
 'scrapy.downloadermiddlewares.httpauth.HttpAuthMiddleware',
 'scrapy.downloadermiddlewares.downloadtimeout.DownloadTimeoutMiddleware',
 'scrapy.downloadermiddlewares.defaultheaders.DefaultHeadersMiddleware',
 'scrapy.downloadermiddlewares.useragent.UserAgentMiddleware',
 'scrapy.downloadermiddlewares.retry.RetryMiddleware',
 'scrapy.downloadermiddlewares.redirect.MetaRefreshMiddleware',
 'scrapy.downloadermiddlewares.httpcompression.HttpCompressionMiddleware',
 'scrapy.downloadermiddlewares.redirect.RedirectMiddleware',
 'scrapy.downloadermiddlewares.cookies.CookiesMiddleware',
 'scrapy.downloadermiddlewares.httpproxy.HttpProxyMiddleware',
 'scrapy.downloadermiddlewares.stats.DownloaderStats']
INFO: Enabled spider middlewares:
['scrapy.spidermiddlewares.httperror.HttpErrorMiddleware',
 'scrapy.spidermiddlewares.offsite.OffsiteMiddleware',
 'scrapy.spidermiddlewares.referer.RefererMiddleware',
 'scrapy.spidermiddlewares.urllength.UrlLengthMiddleware',
 'scrapy.spidermiddlewares.depth.DepthMiddleware']
INFO: Enabled item pipelines:
['Kickstarter_Creator.pipelines.KickstarterCreatorPipeline']
INFO: Spider opened
INFO: Crawled 0 pages (at 0 pages/min), scraped 0 items (at 0 items/min)
INFO: Telnet console listening on 127.0.0.1:6023
DEBUG: Crawled (200) <GET https://www.kickstarter.com/robots.txt> (referer: None)
DEBUG: Crawled (200) <GET https://www.kickstarter.com/projects/cmon/trudvang-legends> (referer: None)
INFO: Parse function called on https://www.kickstarter.com/projects/cmon/trudvang-legends
INFO: {'CreatedBy': "b'CMON'",
 'ProjectDescription': "b'Enter a rich fantasy world, based on Norse myths and "
                       'sagas, where no gamemaster is needed to experience '
                       "story-driven adventures!'",
 'ProjectId': '155384546',
 'ProjectLink': "b'https://www.kickstarter.com/projects/cmon/trudvang-legends'",
 'ProjectResults': {'AmountAsked': '200000.0',
                    'AmountPledged': '1492714.0',
                    'FundedOrNot': "b'successful'",
                    'current_currency': "b'USD'",
                    'goalFinishedPercentage': 7.46357,
                    'totalBackers': '11808'},
 'ProjectTitle': "b'Trudvang Legends'"}
DEBUG: Crawled (401) <GET https://api.kickstarter.com/robots.txt> (referer: None)
DEBUG: Rule at line 1 without any user agent to enforce it on.
DEBUG: Crawled (200) <GET https://www.kickstarter.com/projects/1985527540/smartphone-inc> (referer: None)
INFO: Parse function called on https://www.kickstarter.com/projects/1985527540/smartphone-inc
INFO: {'CreatedBy': "b'Cosmodrome Games'",
 'ProjectDescription': "b'An economic simulation Eurogame with unique and "
                       "elegant planning mechanics.'",
 'ProjectId': '600508110',
 'ProjectLink': "b'https://www.kickstarter.com/projects/1985527540/smartphone-inc'",
 'ProjectResults': {'AmountAsked': '50000.0',
                    'AmountPledged': '206368.01',
                    'FundedOrNot': "b'successful'",
                    'current_currency': "b'USD'",
                    'goalFinishedPercentage': 4.1273602,
                    'totalBackers': '3533'},
 'ProjectTitle': "b'Smartphone Inc.'"}
DEBUG: Crawled (200) <GET https://www.kickstarter.com/projects/columbiagames/cities-of-harn> (referer: None)
INFO: Parse function called on https://www.kickstarter.com/projects/columbiagames/cities-of-harn
INFO: {'CreatedBy': "b'Columbia Games'",
 'ProjectDescription': "b'Cities of H\\xc3\\xa2rn is a medieval RPG setting. "
                       'All seven cities will be updated, colorized, with more '
                       "content than ever before!'",
 'ProjectId': '1384899329',
 'ProjectLink': "b'https://www.kickstarter.com/projects/columbiagames/cities-of-harn'",
 'ProjectResults': {'AmountAsked': '5000.0',
                    'AmountPledged': '75383.23',
                    'FundedOrNot': "b'successful'",
                    'current_currency': "b'USD'",
                    'goalFinishedPercentage': 15.076645999999998,
                    'totalBackers': '1160'},
 'ProjectTitle': "b'Cities of H\\xc3\\xa2rn'"}
DEBUG: Crawled (200) <GET https://api.kickstarter.com/v1/users/1134494596?signature=1577304741.f08d6559249669338cd7e7e7a550f2b436602276> (referer: https://www.kickstarter.com/projects/cmon/trudvang-legends)
DEBUG: Scraped from <200 https://api.kickstarter.com/v1/users/1134494596?signature=1577304741.f08d6559249669338cd7e7e7a550f2b436602276>
{'CreatedBy': "b'CMON'",
 'CreatorProfile': {'BackedProjectsCount': 59,
                    'CreatedProjectsCount': 41,
                    'Description': 'CMON is both a studio and publisher of '
                                   'great tabletop games like Zombicide, Blood '
                                   'Rage, The Others, Rising Sun, Massive '
                                   'Darkness, Arcadia Quest, Dark Age, Rum and '
                                   'Bones, and more!\r\n'
                                   '\r\n'
                                   'We work closely with game creators and '
                                   'indie studios to realize their vision, '
                                   'with a revenue sharing philosophy that is '
                                   'unprecedented in the industry.'},
 'ProjectDescription': "b'Enter a rich fantasy world, based on Norse myths and "
                       'sagas, where no gamemaster is needed to experience '
                       "story-driven adventures!'",
 'ProjectId': '155384546',
 'ProjectLink': "b'https://www.kickstarter.com/projects/cmon/trudvang-legends'",
 'ProjectResults': {'AmountAsked': '200000.0',
                    'AmountPledged': '1492714.0',
                    'FundedOrNot': "b'successful'",
                    'current_currency': "b'USD'",
                    'goalFinishedPercentage': 7.46357,
                    'totalBackers': '11808'},
 'ProjectTitle': "b'Trudvang Legends'"}
DEBUG: Crawled (200) <GET https://api.kickstarter.com/v1/users/1985527540?signature=1577304744.d25b48ea8c4aea2305001543c85e68ef7f3dff1d> (referer: https://www.kickstarter.com/projects/1985527540/smartphone-inc)
DEBUG: Scraped from <200 https://api.kickstarter.com/v1/users/1985527540?signature=1577304744.d25b48ea8c4aea2305001543c85e68ef7f3dff1d>
{'CreatedBy': "b'Cosmodrome Games'",
 'CreatorProfile': {'BackedProjectsCount': 1,
                    'CreatedProjectsCount': 2,
                    'Description': 'Cosmodrome Games invents, selects, and '
                                   'produces high-quality tabletop games with '
                                   'beautiful visuals since 2011. A team of '
                                   'passionate gamers and good friends with '
                                   'more than 30 published titles to be '
                                   'credited with.'},
 'ProjectDescription': "b'An economic simulation Eurogame with unique and "
                       "elegant planning mechanics.'",
 'ProjectId': '600508110',
 'ProjectLink': "b'https://www.kickstarter.com/projects/1985527540/smartphone-inc'",
 'ProjectResults': {'AmountAsked': '50000.0',
                    'AmountPledged': '206368.01',
                    'FundedOrNot': "b'successful'",
                    'current_currency': "b'USD'",
                    'goalFinishedPercentage': 4.1273602,
                    'totalBackers': '3533'},
 'ProjectTitle': "b'Smartphone Inc.'"}
DEBUG: Crawled (200) <GET https://api.kickstarter.com/v1/users/1942747115?signature=1577304745.73e40dc6867dd8554813b36067078c74923423c9> (referer: https://www.kickstarter.com/projects/columbiagames/cities-of-harn)
DEBUG: Scraped from <200 https://api.kickstarter.com/v1/users/1942747115?signature=1577304745.73e40dc6867dd8554813b36067078c74923423c9>
{'CreatedBy': "b'Columbia Games'",
 'CreatorProfile': {'BackedProjectsCount': 17,
                    'CreatedProjectsCount': 11,
                    'Description': 'Founded in 1972 under the name Gamma Two '
                                   'Games, Columbia Games has been publishing '
                                   'games for over 46 years and has won '
                                   'several awards for Game Excellence.'},
 'ProjectDescription': "b'Cities of H\\xc3\\xa2rn is a medieval RPG setting. "
                       'All seven cities will be updated, colorized, with more '
                       "content than ever before!'",
 'ProjectId': '1384899329',
 'ProjectLink': "b'https://www.kickstarter.com/projects/columbiagames/cities-of-harn'",
 'ProjectResults': {'AmountAsked': '5000.0',
                    'AmountPledged': '75383.23',
                    'FundedOrNot': "b'successful'",
                    'current_currency': "b'USD'",
                    'goalFinishedPercentage': 15.076645999999998,
                    'totalBackers': '1160'},
 'ProjectTitle': "b'Cities of H\\xc3\\xa2rn'"}
INFO: Closing spider (finished)
INFO: Dumping Scrapy stats:
{'downloader/request_bytes': 2679,
 'downloader/request_count': 8,
 'downloader/request_method_count/GET': 8,
 'downloader/response_bytes': 266092,
 'downloader/response_count': 8,
 'downloader/response_status_count/200': 7,
 'downloader/response_status_count/401': 1,
 'elapsed_time_seconds': 13.713713,
 'finish_reason': 'finished',
 'finish_time': datetime.datetime(2019, 12, 24, 20, 12, 31, 814085),
 'item_scraped_count': 3,
 'log_count/DEBUG': 12,
 'log_count/INFO': 16,
 'memusage/max': 1947365376,
 'memusage/startup': 1947365376,
 'request_depth_max': 1,
 'response_received_count': 8,
 'robotstxt/request_count': 2,
 'robotstxt/response_count': 2,
 'robotstxt/response_status_count/200': 1,
 'robotstxt/response_status_count/401': 1,
 'scheduler/dequeued': 6,
 'scheduler/dequeued/memory': 6,
 'scheduler/enqueued': 6,
 'scheduler/enqueued/memory': 6,
 'start_time': datetime.datetime(2019, 12, 24, 20, 12, 18, 100372)}
INFO: Spider closed (finished)
