1576767610907	mozrunner::runner	INFO	Running command: "C:\\Program Files\\Mozilla Firefox\\firefox.exe" "-marionette" "-foreground" "-no-remote" "-profile" "C:\\Users\\jiayongm\\AppData\\Local\\Temp\\rust_mozprofile.ir04BCEGjmIC"
1576767611558	addons.webextension.screenshots@mozilla.org	WARN	Loading extension 'screenshots@mozilla.org': Reading manifest: Invalid extension permission: mozillaAddons
1576767611558	addons.webextension.screenshots@mozilla.org	WARN	Loading extension 'screenshots@mozilla.org': Reading manifest: Invalid extension permission: telemetry
1576767611558	addons.webextension.screenshots@mozilla.org	WARN	Loading extension 'screenshots@mozilla.org': Reading manifest: Invalid extension permission: resource://pdf.js/
1576767611558	addons.webextension.screenshots@mozilla.org	WARN	Loading extension 'screenshots@mozilla.org': Reading manifest: Invalid extension permission: about:reader*
JavaScript error: resource://gre/modules/XULStore.jsm, line 66: Error: Can't find profile directory.
1576767613994	Marionette	INFO	Listening on port 54694
1576767614136	Marionette	WARN	TLS certificate errors will be ignored for this session
1576767618535	Marionette	INFO	Stopped listening on port 54694
IPDL protocol error: Handler returned error code!

###!!! [Parent][DispatchAsyncMessage] Error: PLayerTransaction::Msg_ReleaseLayer Processing error: message was deserialized, but the handler returned false (indicating failure)

IPDL protocol error: Handler returned error code!

###!!! [Parent][DispatchAsyncMessage] Error: PLayerTransaction::Msg_ReleaseLayer Processing error: message was deserialized, but the handler returned false (indicating failure)

[Parent 24272, Gecko_IOThread] WARNING: pipe error: 109: file z:/task_1572401533/build/src/ipc/chromium/src/chrome/common/ipc_channel_win.cc, line 341
[Child 26880, Chrome_ChildThread] WARNING: pipe error: 109: file z:/task_1572401533/build/src/ipc/chromium/src/chrome/common/ipc_channel_win.cc, line 341
[Child 26880, Chrome_ChildThread][Parent 24272, Gecko_IOThread] WARNING: pipe error: 109: file z:/task_1572401533/build/src/ipc/chromium/src/chrome/common/ipc_channel_win.cc, line 341
[Child 21556, Chrome_ChildThread] WARNING: pipe error: 109: file z:/task_1572401533/build/src/ipc/chromium/src/chrome/common/ipc_channel_win.cc, line 341
[Child 21556, Chrome_ChildThread] WARNING: pipe error: 109: file z:/task_1572401533/build/src/ipc/chromium/src/chrome/common/ipc_channel_win.cc, line 341

###!!! [Child][RunMessage] Error: Channel closing: too late to send/recv, messages will be lost

[GPU 10480, ChromePU 18948, Chrome_ChildThread] WldThread] WARNING: pipe error: 109: file z:/task_1572401533/build/src/ipc/chromium/src/chrome/common/ipc_channel_win.cc, line 341
[Parent 14884, Gecko_IOThread] WARNING: pipe error: 109: file z:/task_1572401533/build/src/ipc/chromium/src/chrome/common/ipc_channel_win.cc, line 341
[Parent 14884, Gecko_IOThread] WARNING: file z:/task_1572401533/build/src/ipc/chromium/src/base/process_util_win.cc, line 160
console.error: (new Error("Transaction canceled due to a closed connection.", "resource://gre/modules/Sqlite.jsm", 613))

###!!! [Child][RunMessage] Error: Channel closing: too late to send/recv, messages will be lost

[GPU 16628, Chromerome_ChildThread] WARNING: pipe error: 109: file z:/task_1572401533/build/src/ipc/chromium/src/chrome/common/ipc_channel_win.cc, line 341
console.error: (new Error("Transaction canceled due to a closed connection.", "resource://gre/modules/Sqlite.jsm", 613))
[GPU 25092, Chrsrc/chrome/common/ipc_channel_win.cc, line 341
[Child 8228, Chrome_ChildThread] WARNING: pipe error: 109: file z:/task_1572401533/build/src/ipc/chromium/src/chrome/common/ipc_channel_win.cc, line 341

###!!! [Child][MessageChannel] Error: (msgtype=0x37011E,name=PContent::Msg_ScriptError) Channel closing: too late to send/recv, messages will be lost


###!!! [Child][RunMessage] Error: Channel closing: too late to send/recv, messages will be lost


###!!! [Child][RunMessage] Error: Channel closing: too late to send/recv, messages will be lost


###!!! [Child][RunMessage] Error: Channel closing: too late to send/recv, messages will be lost


###!!! [Child][RunMessage] Error: Channel closing: too late to send/recv, messages will be lost

console.error: (new Error("Transaction canceled due to a closed connection.", "resource://gre/modules/Sqlite.jsm", 613))

###!!! [Child][RunMessage] Error: Channel closing: too late to send/recv, messages will be lost

[GPU 17540, Chro
###!!! [Child][MessageChannel::SendAndWait] Error: Channel error: cannot send/recv

r shutdown began(resource://gre/modules/addons/XPIDatabase.jsm:1478:17) JS Stack trace: saveChanges@XPIDatabase.jsm:1478:17
addToDatabase@XPIDatabase.jsm:2211:10
install@XPIInstall.jsm:4342:27
update@XPIProvider.jsm:2042:13
1576253092131	addons.xpi	WARN	Addon with ID google@search.mozilla.org already installed, older version will be disabled
1576253092132	addons.xpi-utils	WARN	Error: XPI database modified after shutdown began(resource://gre/modules/addons/XPIDatabase.jsm:1478:17) JS Stack trace: saveChanges@XPIDatabase.jsm:1478:17
makeAddonVisible@XPIDatabase.jsm:2281:10
addToDatabase@XPIDatabase.jsm:2208:12
install@XPIInstall.jsm:4342:27
update@XPIProvider.jsm:2042:13
1576253092132	addons.xpi-utils	WARN	Error: XPI database modified after shutdown began(resource://gre/modules/addons/XPIDatabase.jsm:1478:17) JS Stack trace: saveChanges@XPIDatabase.jsm:1478:17
addToDatabase@XPIDatabase.jsm:2211:10
install@XPIInstall.jsm:4342:27
update@XPIProvider.jsm:2042:13
1576253092153	addons.xpi	WARN	Addon with ID twitter@search.mozilla.org already installed, older version will be disabled
1576253092154	addons.xpi-utils	WARN	Error: XPI database modified after shutdown began(resource://gre/modules/addons/XPIDatabase.jsm:1478:17) JS Stack trace: saveChanges@XPIDatabase.jsm:1478:17
makeAddonVisible@XPIDatabase.jsm:2281:10
addToDatabase@XPIDatabase.jsm:2208:12
install@XPIInstall.jsm:4342:27
update@XPIProvider.jsm:2042:13
1576253092154	addons.xpi-utils	WARN	Error: XPI database modified after shutdown began(resource://gre/modules/addons/XPIDatabase.jsm:1478:17) JS Stack trace: saveChanges@XPIDatabase.jsm:1478:17
addToDatabase@XPIDatabase.jsm:2211:10
install@XPIInstall.jsm:4342:27
update@XPIProvider.jsm:2042:13
1576253092203	addons.xpi	WARN	Addon with ID wikipedia@search.mozilla.org already installed, older version will be disabled
1576253092203	addons.xpi-utils	WARN	Error: XPI database modified after shutdown began(resource://gre/modules/addons/XPIDatabase.jsm:1478:17) JS Stack trace: saveChanges@XPIDatabase.jsm:1478:17
makeAddonVisible@XPIDatabase.jsm:2281:10
addToDatabase@XPIDatabase.jsm:2208:12
install@XPIInstall.jsm:4342:27
update@XPIProvider.jsm:2042:13
1576253092203	addons.xpi-utils	WARN	Error: XPI database modified after shutdown began(resource://gre/modules/addons/XPIDatabase.jsm:1478:17) JS Stack trace: saveChanges@XPIDatabase.jsm:1478:17
addToDatabase@XPIDatabase.jsm:2211:10
install@XPIInstall.jsm:4342:27
update@XPIProvider.jsm:2042:13
1576253092225	addons.xpi	WARN	Addon with ID ddg@search.mozilla.org already installed, older version will be disabled
1576253092225	addons.xpi-utils	WARN	Error: XPI database modified after shutdown began(resource://gre/modules/addons/XPIDatabase.jsm:1478:17) JS Stack trace: saveChanges@XPIDatabase.jsm:1478:17
makeAddonVisible@XPIDatabase.jsm:2281:10
addToDatabase@XPIDatabase.jsm:2208:12
install@XPIInstall.jsm:4342:27
update@XPIProvider.jsm:2042:13
1576253092225	addons.xpi-utils	WARN	Error: XPI database modified after shutdown began(resource://gre/modules/addons/XPIDatabase.jsm:1478:17) JS Stack trace: saveChanges@XPIDatabase.jsm:1478:17
addToDatabase@XPIDatabase.jsm:2211:10
install@XPIInstall.jsm:4342:27
update@XPIProvider.jsm:2042:13
[Parent 4380, Gecko_IOThread] WARNING: file z:/task_1572401533/build/src/ipc/chromium/src/base/process_util_win.cc, line 160

###!!! [Child][RunMessage] Error: Channel closing: too late to send/recv, messages will be lost

[GPU 
###!!! [Child][MessageChannel::SendAndWait] Error: Channel error: cannot send/recv

ead] WARNING: pipe error: 109: file z:/task_1566864336/build/src/ipc/chromium/src/chrome/common/ipc_channel_win.cc, line 341
[Child 6356, Chrome_ChildThread] WARNING: pipe error: 109: file z:/task_1566864336/build/src/ipc/chromium/src/chrome/common/ipc_channel_win.cc, line 341
[Child 6356, Chrome_ChildThread] WARNING: pipe eIPDL protocol error: Handler returned error code!

###!!! [Parent][DispatchAsyncMessage] Error: PLayerTransaction::Msg_ReleaseLayer Processing error: message was deserialized, but the handler returned false (indicating failure)

[Parent 2128, Gecko_IOThread] WARNING: pipe error: 109: file z:/task_1566864336/build/src/ipc/chromium/src/chrome/common/ipc_channel_win.cc, line 341
[Child 20816, Chrome_ChildThread] WARNING: pipe error: 109: file z:/task_1566864336/build/src/ipc/chromium/src/chrome/common/ipc_channel_win.cc, line 341
[Child 20816, Chrome_ChildThread] WARNING: pipe error: 109: file z:/task_1566864336/build/src/ipc/chromium/src/chrome/common/ipc_channel_win.cc, line 341
[Parent 2128, Gecko_IOThread] WARNING: file z:/task_1566864336/build/src/ipc/chromium/src/base/process_util_win.cc, line 160

###!!! [Child][RunMessage] Error: Channel closing: too late to send/recv, messages will be lost

[GPU 24020, Chrompc_channel_win.cc, line 341
[Child 11196, Chrome_ChildThread] WARNING: pipe error: 109: file z:/task_1566864336/build/src/ipc/chromium/src/chrome/common/ipc_channel_win.cc, line 341
[Child 11196, Chrome_Child
###!!! [Child][RunMessage] Error: Channel closing: too late to send/recv, messages will be lost

[GPU 7068
###!!! [Child][MessageChannel::SendAndWait] Error: Channel error: cannot send/recv

on/ipc_channel_win.cc, line 502n
e 341
[Child 30704[Child 16708, Chrome_Chil, Chrome_ChildThread] WARNING: pipe error: 109: file z:/task_1566864336/build/src/ipc/chromium/src/chrome/common/ipc_channel_win.cc, line 341
[Child 30704, Chrome_ChildThread] WARNING: pipe error: 109: file z:/task_1566864336/build/src/ipc/chromium/src/chrome/common/ipc_channel_win.cc, line 341

###!!! [Child][RunMessage] Error: Channel closing: too late to send/recv, messages will be lost

[GPU 26896, Ch